https://emailoperations.mg.shopee.tw
https://owncloud.shopee.tw
https://ssc.live-trial.shopee.tw
https://itcenter.shopee.tw
https://theshrimp.game.twtc.live-test.shopee.tw
https://web6804.shopee.tw
https://d.i40.shopee.tw
https://api.sci.twtc.uat.adm.shopee.tw
https://autodiscover.member.shopee.tw
https://webworm.shopee.tw
https://web.g.shopee.tw
https://lfs.test-stable.shopee.tw
https://cavalier.shopee.tw
https://musicman.shopee.tw
https://lfnserv1.lfn.shopee.tw
https://calcutta.shopee.tw
https://www.plus.shopee.tw
https://www.sampling-machine-webhook.shopee.tw
https://b.i67.shopee.tw
https://007zhenrenzuixinwangzhi-yum.staging.shopee.tw
https://web6083.shopee.tw
https://www.sm.shopee.tw
https://dnsfile2.shopee.tw
https://marouter.shopee.tw
https://polymnie.shopee.tw
https://ope.vpn.shopee.tw
https://angelina.shopee.tw
https://merengue.shopee.tw
https://interjet.shopee.tw
https://www.pt.shopee.tw
https://moniresourcesor-reporresources.affiliaresourcese.sresourcesaging.shopee.tw
https://www.httpseller.shopee.tw
https://bangtain.shopee.tw
https://scriptpc.shopee.tw
https://zrm.shopee.tw
https://cjardine.shopee.tw
https://www.ws.shopee.tw
https://www.dexterousoftware.shopee.tw
https://www.i.staging.shopee.tw
https://supportcssalesforce._domainkey.support.shopee.tw
https://www.update.shopee.tw
https://resource.shopee.tw
https://www.home.shopee.tw
https://zsw.shopee.tw
https://live-record.livetech.test-stable.shopee.tw
https://exercise.shopee.tw
https://web5218.shopee.tw
https://bookworm.shopee.tw
https://doldrums.shopee.tw
https://geraghty.shopee.tw
https://copetran.shopee.tw
https://zs.shopee.tw
https://zenobia.shopee.tw
https://webdisk.member.shopee.tw
https://ztq.shopee.tw
https://openldap.shopee.tw
https://0142-cpufreq-interactive-governor-event-tracing.staging.shopee.tw
https://dr.dp.node.staging.shopee.tw
https://drc-adminpi.dp.shopee.tw
https://deadbeef.shopee.tw
https://www.star.shopee.tw
https://monalisa.shopee.tw
https://www.uat-hk.shopee.tw
https://www.inter.shopee.tw
https://abq.accounts.live-test.shopee.tw
https://www.calendar.shopee.tw
https://shipping-insurmirrornce.twtc.umirrort.shopee.tw
https://www.seller.test-stable.shopee.tw
https://mail.kuku.shopee.tw
https://slseller-opsce-spe.lseller-opsvestream.shopee.tw
https://webdisk.facebook.shopee.tw
https://ibnalsor.shopee.tw
https://www.art.shopee.tw
https://www.tyumen.shopee.tw
https://ccochran.shopee.tw
https://team1.mall24.shopee.tw
https://websocket.intraocha.test.shopee.tw
https://www.ae.shopee.tw
https://oblivion.shopee.tw
https://himalaya.shopee.tw
https://www.bali.shopee.tw
https://web7408.shopee.tw
https://www.drc-chat.shopee.tw
https://activity.shopee.tw
https://www.models.shopee.tw
https://zt3.shopee.tw
https://admin.play.shopee.tw
https://webdisk.v2.shopee.tw
https://eastwind.shopee.tw
https://autodiscover.video.shopee.tw
https://bigdaddy.shopee.tw
https://aangilam.shopee.tw
https://autodiscover.wordpress.shopee.tw
https://mail.mse3.shopee.tw
https://moncler8.shopee.tw
https://delivery.shopee.tw
https://cf175.conf.shopee.tw
https://zvarag.shopee.tw
https://r230.i80.shopee.tw
https://ccollomb.shopee.tw
https://feature.idcrmdata1.shopee.tw
https://www.poczta.shopee.tw
https://emanuele.shopee.tw
https://isrouter.shopee.tw
https://krishnan.shopee.tw
https://flovmand.shopee.tw
http://www.yes.shopee.tw:443
http://accounting.branch.ssc.shopee.tw:443
http://0jlveg5vtkfphfx1vn2z52gouvgvqwe1.staging.shopee.tw:443
http://www.selle.shopee.tw:443
http://cuisinez.shopee.tw:443
http://lollypop.shopee.tw:443
http://comicalt.shopee.tw:443
http://77.78.208.shopee.tw:443
https://europarc.shopee.tw
https://service1.shopee.tw
https://b.i13.shopee.tw
https://smtp.34070.shopee.tw
https://zsl.shopee.tw
https://atreides.shopee.tw
https://zwiebel.shopee.tw
http://web6746.shopee.tw
http://sellerops.internal.shopee.tw
http://www.la.shopee.tw
http://www.resellers.shopee.tw
http://admin.seller.staging.shopee.tw
http://preview1.shopee.tw
http://www.bill.shopee.tw
http://www.getfreelebronshoes.shopee.tw
http://webcon1.shopee.tw
http://content7.shopee.tw:80
http://www.api.yum.shopee.tw:80
http://huangshi.shopee.tw:80
http://ekohasan.shopee.tw:80
http://franklin.shopee.tw:80
http://api.is.test-stable.shopee.tw:80
http://longhaul.shopee.tw:80
http://webform.shopee.tw:80
http://loughton.shopee.tw:80
http://r230.i90.shopee.tw:80
http://play.idgame.uat.shopee.tw:80
http://jcwgroup.shopee.tw:80
http://nbafenxi.shopee.tw:80
http://www.camlicaayran.shopee.tw:80
http://server2.qa2.dr.tc.shopee.tw:80
http://hartford.shopee.tw:80
http://web7227.shopee.tw:80
http://www.bluszczowa58.shopee.tw:80
https://websocket.ocha.test-stable.shopee.tw:8443
https://www.n.shopee.tw:8443
https://remote.sandbox.shopee.tw:8443
https://qa.api.staging.shopee.tw:8443
https://sendmail.shopee.tw:8443
https://www.templates.shopee.tw:8443
https://01datastructuresalgorithmsandcomplexity.staging.shopee.tw:8443
https://pianoweb.shopee.tw:8443
https://d.i85.shopee.tw:8443
https://www.delivery.shopee.tw:8443
https://ftp.livestream.shopee.tw:8443
https://kuaisita.shopee.tw:8443
https://www.food.shopee.tw:8443
https://rossetti.shopee.tw:8443
https://aplistingqc.staglistingqcng.shopee.tw:8443
https://www.ve.shopee.tw:8443
https://api-ws.mms.live.shopee.tw:8443
https://anywhere.shopee.tw:8443
https://bidwell.toc-livetech.staging.shopee.tw:8443
http://cashback.shopee.tw:443
http://discover.shopee.tw:443
http://0406-video-add-atomic-display-framework.staging.shopee.tw:443
http://www.v28.shopee.tw:443
http://barikadz.shopee.tw:443
http://d.i73.shopee.tw:443
http://zwg.shopee.tw:443
http://easydns1.shopee.tw:443
http://gossamer.shopee.tw:443
http://www-org.shopee.tw:443
http://www.seo.shopee.tw:443
http://division.shopee.tw:443
http://gallery2.shopee.tw:443
http://balancer.shopee.tw:443
http://elfhaven.shopee.tw:443
http://www.httwww.shopee.tw:21
http://nagasaki.shopee.tw:21
http://cmts1-all.gw.shopee.tw:21
http://sequoyah.shopee.tw:21
http://www.ams.shopee.tw:21
http://autodiscover.server.shopee.tw:443
http://caligola.shopee.tw:443
http://gobbit.users.shopee.tw:443
http://www.best.shopee.tw:443
http://chairsec.shopee.tw:443
http://_.mg.shopee.tw:443
http://delivery.platform.shopee.tw:443
http://seobabes.shopee.tw:443
http://ds-api.chatbot.i.test.shopee.tw:443
http://07sbezlf1ghy6oqhtttdms7svda8je6q.staging.shopee.tw:443
http://aspencer.shopee.tw:443
http://lpta001.itd.shopee.tw:443
http://frontpage.api.shopee.tw:443
http://b.i63.shopee.tw:443
http://www.nl-tst1-sv01.shopee.tw:443
http://mail.cn.api.shopee.tw:443
http://web5529.shopee.tw:443
http://electron.shopee.tw:443
http://www.chatbot.uat.shopee.tw:443
http://web6787.shopee.tw:443
http://push-ws.lvb.test.shopee.tw:443
http://h5s.uat.shopee.tw:443
http://dp.uat.shopee.tw:443
http://hoot.typingpredict-api.chatbot.i.test-stable.shopee.tw:443
http://www.memberlite.shopee.tw:443
http://web7425.shopee.tw:443
http://franklin.shopee.tw:443
http://blhtcardc01.blamericas.shopee.tw:443
http://web6764.shopee.tw:443
http://www.student.shopee.tw:443
http://spx-dispatchmall37.ssc.test-stable.shopee.tw:443
http://shopee24h.backupal.shopee.tw:443
http://adelaide.shopee.tw:443
http://push-ws.lvb.uat.shopee.tw:443
http://sendgrid.shopee.tw:443
http://df.infra.alpha.test.shopee.tw:443
http://cn.mallapi.shopee.tw:443
http://sci.twtc.common.shopee.tw:443
http://intl.f.shopee.tw:80
https://g4w4224g.houston.shopee.tw
https://heracles.shopee.tw
https://test-voting-public-full.limeng.live-test.shopee.tw
https://autoconfig.forum.shopee.tw
https://bluestar.shopee.tw
https://www.vf.shopee.tw
https://dongguan.shopee.tw
https://marianna.shopee.tw
https://invision.shopee.tw
https://live-play-ws.datastoreesdatastore.shopee.tw
https://newforum.shopee.tw
https://dynamite.shopee.tw
https://ip78.net176.shopee.tw
https://www.calileche.shopee.tw
https://idc-promotion.f.shopee.tw
https://www.by.shopee.tw
https://porteous.shopee.tw
https://longshot.shopee.tw
http://leotardi.shopee.tw:3306
http://abahzoer.shopee.tw:3306
http://07-multistreamwithnamelookup.staging.shopee.tw:3306
http://ds-api.chatbot.i.uat.shopee.tw:3306
http://api-lps-livetest.ssc.shopee.tw:3306
http://api.csportal.twtc.shopee.tw:3306
http://hpussscb.shopee.tw:3306
http://www.e-learning.shopee.tw:3306
http://national.shopee.tw:3306
https://www.comics.shopee.tw
https://concours.shopee.tw
https://www.lormar.shopee.tw
https://katakuri.shopee.tw
https://hoanganh.shopee.tw
https://zwfec.shopee.tw
https://frd.uat.shopee.tw
https://pushinfo-hub.twtc.staging.shopee.tw
https://serendip.shopee.tw
https://v12-f0553yt9j54.z.irs01.com.shopee.tw
https://porpoise.shopee.tw
https://angharad.shopee.tw
https://cf.shopee.tw.cdn.dnsv1.com
http://cf.shopee.tw.cdn.dnsv1.com
https://cv.shopee.tw.cdn.dnsv1.com
http://cv.shopee.tw.cdn.dnsv1.com
https://cvf.shopee.tw.cdn.dnsv1.com
http://cvf.shopee.tw.cdn.dnsv1.com
https://english.appeal.twtc.staging.shopee.tw
https://replaystatics.v2.staging.shopee.tw
https://lefebvre.shopee.tw
https://la-mbari.shopee.tw
https://www.portal.bi.shopee.tw
https://backpacker.livestream.staging.shopee.tw
https://clemente.shopee.tw
https://www.project.shopee.tw
https://api.info-hubsmilelab.twtc.uat.shopee.tw
https://ecastello-59999.shop.v3.dev.shopee.tw
https://test.t.localhost.shopee.tw
https://htseller.shopee.tw
https://web7325.shopee.tw
https://win2003.i.uat.shopee.tw
https://web5535.shopee.tw
http://www.research.shopee.tw:443
http://api.is.live-test.shopee.tw:443
http://www.shopee24h.internal.uat.shopee.tw:443
http://riopelle.shopee.tw:443
http://hatton.ssc.staging.shopee.tw:443
http://ops-msg-ht01.mso.shopee.tw:443
http://cn.chat-ws.shopee.tw:443
http://www.events.shopee.tw:8080
http://colpitts.shopee.tw:8080
http://mqttserver.spx.test.shopee.tw:8080
http://i.live-test.shopee.tw:8080
http://intl.intl.seller.shopee.tw:8080
http://web6727.shopee.tw:8080
http://cn.seller.shopee.tw:8080
http://mall.shopee.tw:8080
http://redskins.shopee.tw:8080
http://brinkman.shopee.tw:8080
http://www.coachingforintroverts.shopee.tw:8080
http://www.x.shopee.tw:8080
http://honeypot.al.uat.shopee.tw:8080
http://autoconfig.soporte.shopee.tw:8080
http://wwww.chat-ws.test-stable.shopee.tw:8080
http://www.service.shopee.tw:8080
http://www.people.shopee.tw:8080
http://zzk.shopee.tw:8080
http://prezenty.shopee.tw:8080
http://credit.iv.uat.shopee.tw:22
http://www.zero.shopee.tw:22
http://testermin.university.twtc.uat.shopee.tw
https://www.demos.shopee.tw
https://www.hwww.seller.shopee.tw
https://www.gallery.shopee.tw
https://d.i96.shopee.tw
https://autodiscover.app.shopee.tw
https://mms.shopee.tw
http://gruneisj.shopee.tw:443
http://web7353.shopee.tw:443
http://toutiao.shopee.tw:443
http://spx-driver.isc-api-business.accounts.live-test.shopee.tw:443
http://programs.shopee.tw:443
http://248.33.shopee.tw:443
http://web5889.shopee.tw:443
http://mysql08.wetopole.shopee.tw:443
http://iprint.sas-print.shopee.tw:443
http://cecom-3.admin.formtool.userpromo.test-stable.shopee.tw:443
http://mysql05.dns-plieth.shopee.tw:443
http://0307-input-misc-keychord-log-when-keychord-triggered.staging.shopee.tw:443
http://scanner1.shopee.tw:443
http://autoconfig.movies.shopee.tw:443
https://mall.staging.mall11tmp.shopee.tw
https://autodiscover.demo.shopee.tw
https://www.goudard.shopee.tw
https://www.private.shopee.tw
https://university.twtc.uat.shopee.tw
https://app.apollo-config.staging.shopee.tw
http://seohouse.shopee.tw:443
http://web5010.shopee.tw:443
http://webtest.shopee.tw
http://zwqdxwctddtsi.shopee.tw
http://a6fall.public.shopee.tw
http://zrt.shopee.tw
http://web5925.shopee.tw
http://connect2.shopee.tw
http://ds-api.chatbot.i.test-stable.shopee.tw
http://alphalib.shopee.tw
http://puffball.shopee.tw
http://f0ad7086.shopee.tw
http://clematis.shopee.tw
http://b.i16.shopee.tw
http://www.jobs.shopee.tw
http://www.feed-cv.help.uat.shopee.tw
http://spm.i.test.shopee.tw:465
http://hpbbpmff.shopee.tw
http://www.seo.shopee.tw
http://the-tap.shopee.tw
http://ophanium.shopee.tw
http://mysql08.centrum-medyczne.shopee.tw
http://macwolf.c-api-svs.seller.test.shopee.tw
http://servicos.shopee.tw
http://api.lfs.staging.shopee.tw
http://sgriffin.shopee.tw:9530
http://api.proxy.mms.test-stable.shopee.tw:9530
http://auth.cn.seller.shopee.tw:9530
http://cubainmersa.c-api-svs.seller.staging.shopee.tw:9530
http://ftp.dns-skulski.shopee.tw:9530
http://autoconfig.movil.shopee.tw:9530
http://www.storm.shopee.tw:9530
http://adnanboy.shopee.tw:9530
http://inlharpo.shopee.tw:9530
http://b.i26.shopee.tw:8291
http://53-153.static.shopee.tw:8291
http://edmonton.shopee.tw:8291
http://tralfaz.shopee.tw:8291
http://mp.autoinst.shopee.tw:8291
http://bunting.cs.shopee.tw:8291
http://minstrel.shopee.tw:8291
http://hardrock.shopee.tw:8291
http://email.shopee.tw:25
https://backpack.i.staging.shopee.tw
https://q1w2e3sr4.help.uat.shopee.tw
http://hoth.tvshow.games.staging.shopee.tw:10000
http://web3312.shopee.tw:9530
http://web4276.shopee.tw:9530
http://002sampling-machine-webhook.staging.shopee.tw:9530
http://hooville.shopee.tw:9530
http://www.admin3-test.shopee.tw:9530
http://partner.api.live-test.shopee.tw:9530
http://pos-partner-webportal.ocha.test-stable.shopee.tw:9530
http://telecom.twtc.uat-api.shopee.tw:9530
http://www.prestashop.shopee.tw:9530
http://qinghai.shopee.tw:9530
http://lyncdiscover.lab26581.shopee.tw:9530
http://openapi.audience.test-stable.shopee.tw:9530
http://mpeg.internal.shopee.twtc.uat.shopee.tw:9530
http://lifeline.shopee.tw:9530
http://csbot-buyer-api.chatbot.test-stable.shopee.tw:9530
http://gameslocalteam.games.test-stable.shopee.tw:9530
http://b.i98.shopee.tw:3306
http://www.wwseller.shopee.tw:3306
http://www.university.shopee.tw:3306
http://webdisk.admin.shopee.tw:3306
http://openapi.livestream.uat.shopee.tw:3306
http://albinoni.shopee.tw:3306
http://liulanqi.shopee.tw:3306
http://guoyycom.shopee.tw:3306
http://branch.ssc.shopee.tw:3306
http://www.om.shopee.tw:3306
http://api.people.twtc12.uat.shopee.tw:3306
http://jbarber.business.accounts.shopee.tw:3306
http://kemerovo.shopee.tw:3306
http://milchmix.shopee.tw:3306
http://api.yum.twtc.shopee.tw:3306
http://www.au.shopee.tw:3306
http://web3464.shopee.tw:3306
http://micronic.shopee.tw:3306
http://server4.qa4.cm.showcase.goodnites.com.shopee.tw:3306
http://www.pp.shopee.tw:3306
http://web7349.shopee.tw:3306
http://mphcbwdt.shopee.tw:3306
http://teminas.shopee.tw:995
http://quiz.giaitri.shopee.tw:995
http://vpn.idfg.shopee.tw:995
http://parasite.shopee.tw:995
http://allstace.shopee.tw:995
http://rabotnik.shopee.tw:995
http://giaitrispm.staging.i.shopee.tw:995
http://data-rep.livetech.test-stable.shopee.tw:995
http://web7343.shopee.tw
http://play-hw-las.ldatabase1vetech.test.shopee.tw
http://babyblue.shopee.tw
http://01-iterators-and-iterables-review.staging.shopee.tw
http://api.dp.qa-uat.shopee.tw
http://fragrant.shopee.tw
http://poyyantj.shopee.tw
http://ibanking.shopee.tw
http://mayfield.shopee.tw
http://www.intranet.shopee.tw
http://_.livetech.shopee.tw
http://ailed.university.staging.shopee.tw
http://arabic.b2ctw.staging.shopee.tw
http://chat-ws.university.twtc.shopee.tw
http://mail.av8d.shopee.tw
http://userstats.shopee.tw
http://zw0.shopee.tw
http://beaulieu.shopee.tw
http://www.cc.shopee.tw
https://www.gold.shopee.tw
https://www.kz.shopee.tw
http://mart.bi.shopee.tw:5555
http://112house.i.uat.shopee.tw
http://beanie.yum.staging.shopee.tw
http://shopee21h.internal.uat.shopee.tw
http://wa71f45331kwbv54zc-ge4dqobs.ge3tamzthaydsmzy.snr.i.uat.shopee.tw
http://wa71f45331kwbv54zc-ge4dqobs.ge3tamzthaydsmzy.snr.i.uat.shopee.tw:10000
http://admin.b2ctw.staging.shopee.tw:10000
https://admin.membership.userpromo.shopee.tw
https://api.sls.shopee.tw
https://em6411.sendgrid.shopee.tw
https://logistics-adminsigned.uat.shopee.tw
https://origin-salesassociate-prep.test.shopee.tw
https://www.b2b.shopee.tw
https://www.itcexch.shopee.tw
https://autoconfig.client.shopee.tw
https://www.md.shopee.tw
http://www.ozioza.shopee.tw
http://psql03.fredas.shopee.tw
http://sps07.itg.shopee.tw
http://www.uzor.shopee.tw
http://www.links.shopee.tw
http://ldap02.corp.bf1.shopee.tw
http://lw7.shopee.tw
http://telecom.twtc.shopee.tw
http://www.vpn.shopee.tw
http://umaiposql.provost.ads.shopee.tw
http://www.power.shopee.tw
https://aigner.staging.i.shopee.tw
https://isdspeed.qq.com.shopee.tw
https://www.colliero.shopee.tw
https://www.sheller.shopee.tw
https://www.methodslayer.shopee.tw
https://www.emdoc.shopee.tw
https://www.wallpapers.shopee.tw
https://www.physics.shopee.tw
https://ip182.net16.shopee.tw
https://exceapp1v.ci.shopee.tw
https://www.inteligenta-emotionala-eq.shopee.tw
https://www.vwbeetle.shopee.tw
https://backlinks.global.test.shopee.tw
https://www.24.shopee.tw
https://firebird.hydra.shopee.tw
https://www.beta.shopee.tw
https://www.firepit.shopee.tw
https://www.v2.shopee.tw
https://webdisk.archive.shopee.tw
http://01.pvec.maps.shopee.tw:21
http://report.huatuo.qq.com.shopee.tw:21
http://www-sccs.cs.shopee.tw:21
http://www.assurance-auto-en-ligne.shopee.tw:21
http://cf.imagesearch.test.shopee.tw:21
http://mail.34064.shopee.tw:21
http://xiapi.xiapibuy.c.shopee.tw:21
http://www.wholesale.shopee.tw:21
http://mail.tw.shopee.tw:21
http://q1w2e3sr4.sts.shopee.tw:21
http://backlog.sampling-machine-webhook.uat.shopee.tw:21
http://api.dp.uat.shopee.tw:21
http://www.blackberry.shopee.tw:21
http://ns1.ind.shopee.tw:21
http://monitor-userstats.affiliate.staging.shopee.tw:21
http://0-1.staging.shopee.tw:21
http://www.navaz.shopee.tw:21
http://autoconfig.wiki.shopee.tw:21
http://www.memberall.shopee.tw:9530
http://www.sigweb.shopee.tw:9530
http://www.reviews.shopee.tw:9530
http://www.webinar.shopee.tw:9530
http://www.expertwitness.shopee.tw:9530
http://www.hao.shopee.tw:9530
http://c-api-svs.seller.test-stable.shopee.tw:9530
http://stt.ciostage.shopee.tw:9530
http://d.i64.shopee.tw:9530
http://fleet-order.ssc.test.shopee.tw:9530
http://www.demwunz.users.shopee.tw:9530
http://mail01.cedarbrook.shopee.tw:9530
http://nessprd5.prod.shopee.tw:9530
http://www.amp-http.shopee.tw:9530
http://www-q.wmstest.shopee.tw:9530
http://www.kiss.shopee.tw:3306
http://flow2.cc.shopee.tw:3306
http://q1w2e3sr4.mystock.shopee.tw:3306
http://www.ufa.shopee.tw:3306
http://mail.news.shopee.tw:3306
http://seller.help.shopee.tw:3306
http://host157.net157.shopee.tw:3306
http://ip117.124.shopee.tw:3306
http://salesforcesupportcs._domainkey.support.shopee.tw:3306
http://www.ajax.shopee.tw:3306
http://aik.toc-livetech.test.shopee.tw:3306
http://mac11.educ.shopee.tw:3306
http://webdisk.facebook.shopee.tw:3306
http://www.dir.shopee.tw:3306
http://www.wtservice1.shopee.tw:3306
http://liveagentcontrol-api.chatbot.i.staging.shopee.tw:3306
https://chat-ws.shopee.tw
http://admin.uat.shopee.tw:3306
http://testssl.pharah.shopee.tw:3306
http://appcatalog.tlsok.infra.aic.shopee.tw:3306
http://backendpartner.api.shopee.tw:3306
http://akamai-origin.feed.cf.shopee.tw:3306
http://inner.openapi.test-stable.shopee.tw:3306
http://www.healthyeducationalknowledge.shopee.tw:3306
http://shipping-insurmirrornce.twtc.umirrort.shopee.tw:3306
http://57d2a5687fffa3000f5965f5.sepport.shopee.tw:3306
http://www.phpfusion.shopee.tw:3306
http://rhagen.shopee.tw:3306
http://www.bu.shopee.tw:3306
http://www.space.shopee.tw:3306
http://www.cemea.shopee.tw:3306
http://www.test6.test.shopee.tw:3306
http://pages.e.business.shopee.tw
http://6.223.232.shopee.tw
http://redirect.prf.qydc.platform.shopee.tw
http://bff.nest-api.live-test.shopee.tw
http://help.100100.staging.shopee.tw
http://www.reseller.shopee.tw
http://awbdata-gray.ssc.uat.shopee.tw
http://autodiscover.static.shopee.tw
http://www.appm.shopee.tw
http://www.praesidium.shopee.tw
http://www-1.spx-driver.business.accounts.live-test.shopee.tw
http://bienne.admin.frd.uat.shopee.tw
http://www3.test01.shopee.tw
http://hao.360.www.shopee.tw
http://autodiscover.api.shopee.tw
http://uat.nonprod.mobilepms.shopee.tw
http://www.dom.shopee.tw
http://xiapi.xia.shopee.tw
http://www.convertidorlanatalia.shopee.tw
http://q1w2e3sr4.chat.shopee.tw
http://mysql01.bdk-lex-pl.shopee.tw
http://www.food.shopee.tw
http://220.80.227.shopee.tw
http://www1.dkb-cash.shopee.tw
http://www.marketingvue.shopee.tw
http://autoconfig.www2.shopee.tw
http://localhost.help.shopee.tw
http://www.www2.shopee.tw
http://www.booking.shopee.tw
http://www.wroclaw.shopee.tw
http://www.ev2.shopee.tw
http://maximo.myremoteapps.shopee.tw
http://www.students.shopee.tw
http://www.ocssip.dis.shopee.tw
http://webcon.mir.shopee.tw
http://autoconfig.testing.shopee.tw
http://www.archive.shopee.tw
http://www.users.shopee.tw
http://admin.mdd.tc.shopee.tw
http://espen.shopee.tw
http://bff.nest-api.admin.mdd.twtc.shopee.tw
http://www.cvps7427040166.shopee.tw
http://mail.kiosk1.shopee.tw
http://www.justjerky.shopee.tw
http://eccr-srv03.eccretreat.shopee.tw
http://www.feed-cv.uatwx.shopee.tw
http://145.165.227.shopee.tw
http://openapi.ds.chatbot.test-stable.shopee.tw
http://api.fleet.twtc.shopee.tw
http://148.192.236.shopee.tw
http://www.suadienthoaiiphone.shopee.tw
http://api.handchopping.twtc.shopee.tw
http://www.img2v.shopee.tw
http://120.129.shopee.tw
http://gw.nd.shopee.tw
http://111.237.236.shopee.tw
http://local.secure.shopee.tw
http://pdc-exch-cas01.corp.shopee.tw
http://www.kino.shopee.tw
http://webdisk.m.shopee.tw
http://www.haromszekbutor.shopee.tw
http://mysql09.m-m.shopee.tw
http://www.hk.shopee.tw
http://www.inf.shopee.tw
http://carin.static.shopee.tw
http://websocket.ocha.live-test.shopee.tw
http://titan.mailyum.uat.shopee.tw
http://email.mms.uat.shopee.tw
http://www.c2070d802.ds.shopee.tw
http://www.gigzup.shopee.tw
http://webdisk.docs.shopee.tw
http://what.website.seller.shopee.tw
http://www.orlqp01.cbs.shopee.tw
http://cob.directsalesagent8.shopee.tw
http://api.lfs.test-stable.shopee.tw
http://stats.excalipurr.shopee.tw
http://104.199.227.shopee.tw
http://webdisk.radio.shopee.tw
http://hiv.admin.uat.shopee.tw
http://www.wwmall.shopee.tw
http://autodiscover.mail.shopee.tw
http://build.www.shopee.tw
http://prepnet.shopee.tw
http://update.shopee.tw
http://www.movil.shopee.tw
http://www.movie-net.shopee.tw
http://p7-17.b.shopee.tw
http://srv-26vexch01.flotek.shopee.tw
http://168.250.33.shopee.tw
http://www.kh.shopee.tw
http://www.rss.shopee.tw
http://www.sk.shopee.tw
http://www.india.shopee.tw
http://autodiscover.crm.shopee.tw
http://icdisepol-3.ns.shopee.tw
http://d.i78.shopee.tw
http://www.hangseng.show.shopee.tw
http://ssg.stagingsecurity.shopee.tw
http://www.library.shopee.tw
http://web5599.shopee.tw
http://77.78.208.shopee.tw
http://www.crm.shopee.tw
http://www.ms.shopee.tw
http://226.143.shopee.tw
http://mysql10.antykiaka-com-pl.shopee.tw
http://rgreen.shopee.tw
http://www.admin.b2ctw.shopee.tw
http://media.tjl2-9a53ae15.qa.shopee.tw
http://admin.lps.uat.shopee.tw
http://seller.xi.shopee.tw
http://www.machacks.shopee.tw
http://hao.360.cowww.shopee.tw
http://mail.m.shopee.tw
http://drc-chat.live-test.wx.shopee.tw
http://www.df.infra.shopee.tw
http://theshrimp.game.twtc.live-test.shopee.tw
http://oklahomacity-ypm.i.uat.shopee.tw
http://www.business.accounts.test-stable.shopee.tw
http://02.i.uat.shopee.tw
http://autoconfig.facebook.shopee.tw
http://www.s1.shopee.tw
http://www.wwwwww.shopee.tw
http://me-shared-int-line2.eu.shopee.tw
http://mail.euve82671.shopee.tw
http://cluster02.isp.shopee.tw
http://cnwl-wdr1-ise-01.services.shopee.tw
http://www.tuto05.shopee.tw
http://rtb.stg.shopee.tw
http://autoconfig.admin.shopee.tw
http://htseller.xiapi.shopee.tw
http://www.uni.shopee.tw
http://b.i72.shopee.tw
http://server3.www2.kimberlyclark.es.shopee.tw:3389
http://www.bean-print.shopee.tw:3389
http://gameslocalteam.games.uat.shopee.tw:3389
http://electronics.gdm-emea-12-1.demotest.shopee.tw:3389
http://www.areasindical.shopee.tw:3389
http://www.hrspark.shopee.tw:3389
http://www.successprone-ca.shopee.tw:3389
http://csbot-buyer-api.chatbot.staging.shopee.tw:3389
http://www.grainequipousse.shopee.tw:3389
http://sw2.dist.shopee.tw:3389
http://api.chatbot.test-stable.shopee.tw:3389
http://inner.mms.shopee.tw:3389
http://c-n7k-n04-01.rz.shopee.tw:3389
http://www.mazon-rs.shopee.tw:3389
http://livetech.shopee.tw.zyxel.com:9443
http://aka.mms.shopee.tw:47001
https://mall.shopee.tw:2087
http://empress-simax.shopee.tw
http://shiliupu.shopee.tw
http://02-play-ws.staging.shopee.tw
http://dreamteam.shopee.tw
http://mail.ultragua.vh91.shopee.tw
http://www.down-under.shopee.tw
http://redcross.shopee.tw
http://ralphie.shopee.tw
http://circuit24.shopee.tw
http://vjagufxtnansddr.shopee.tw
http://invader.shopee.tw
http://web5918.shopee.tw
http://web10619.shopee.tw
http://webking.shopee.tw
http://koyo.shopee.tw
http://18512.shopee.tw
http://adu.shopee.tw
http://901.shopee.tw
http://piko.shopee.tw
http://hh0.shopee.tw
http://llx.shopee.tw
http://gp.shopee.tw
http://nice.shopee.tw
http://jv1.shopee.tw
http://sumi.shopee.tw
http://0522-staging-android-binder-fix-alignment-issues.staging.shopee.tw
http://ef.shopee.tw
http://sv11.shopee.tw
http://riko.shopee.tw
http://06-42271668.staging.shopee.tw:10000
http://002map800384.staging.shopee.tw:10000
http://mms.shopee.tw:8083
http://shopee.tw.cdn.dnsv1.com
http://000-020.staging.shopee.tw
http://0100-solution-print-numbers-divisible.staging.shopee.tw
http://01.staging.shopee.tw:9443
http://mh.shopee.tw:9443
http://pe.shopee.tw:9443
http://0a.staging.shopee.tw:8081
http://aid.shopee.tw:8081
http://aj8.shopee.tw:5357
http://215.shopee.tw:5357
http://aysg3.shopee.tw
http://conflicts.staging.shopee.tw:9443
http://spx.staging.shopee.tw:9530
http://ppp8.i.uat.shopee.tw:1723
http://000-020.staging.shopee.tw:20000
http://aci.shopee.tw:2052
http://smtp.support.shopee.tw:888
http://126.shopee.tw:888
http://www.soporte.shopee.tw
http://09-bootstrap.staging.shopee.tw
http://06-28664118.staging.shopee.tw
http://003-primefactor.staging.shopee.tw
http://q1w2e3sr4.staging.shopee.tw
http://02-fancy.staging.shopee.tw
http://aboriginal.test.shopee.tw
http://www.kennewickdds.shopee.tw
http://rx0016b.nsw-rta.shopee.tw:8083
http://www.pruebas.shopee.tw:8083
http://www.30for30.shopee.tw:9527
http://www.sub.shopee.tw:9527
http://02-uiview.staging.shopee.tw:9527
http://013-lista.staging.shopee.tw:9527
http://panopto-web.campus.shopee.tw:9527
http://frd.shopee.tw:993
http://www.caledfryn.shopee.tw:465
http://www.moda.shopee.tw:465
http://009-add-random.staging.shopee.tw:465
http://www.secremo.shopee.tw:465
http://v124204.ppp.shopee.tw:8880
http://50-103.dial.shopee.tw:8880
http://dp.live-test.shopee.tw:8880
http://lvs.stats.shopee.tw:8880
http://www.pricer.shopee.tw:9443
http://www.best-yy.shopee.tw:9443
http://t7.shopee.tw:9443
http://0xkniversity.staging.shopee.tw:8083
http://smtp.34064.shopee.tw:8083
http://02-fancy.staging.shopee.tw:10001
http://g3si55l0h8lj7ocd.admin.uat.shopee.tw:10001
http://01gateway.staging.shopee.tw:10001
http://dl-user.dbag.shopee.tw:587
http://admin.foodalgo.shopee.tw:587
http://www.flyerettes.shopee.tw:9443
http://hvnplvdiap04.gso.shopee.tw:9443
http://www.financialfe.shopee.tw:9443
http://internal.ccmr.shopee.tw:9443
https://www.calvarybf.shopee.tw:2053
https://hfccourse.users.shopee.tw:2053
http://0012-full-point.staging.shopee.tw:9443
http://01-naked.staging.shopee.tw:9443
http://www.intl.chat-ws.shopee.tw:9443
http://ftp.web00.shopee.tw:9443
http://www.svn.shopee.tw:8880
http://vds-img.test.shopee.tw:8880
http://algo.o2o.test.shopee.tw:8880
http://push-tx.lvb.shopee.tw:135
http://veloguiprogslb.austin.shopee.tw:2052
http://www.exchange.shopee.tw:2086
https://billetterie.shopee.tw:9443
https://autoconfig.cdn.shopee.tw
https://data-rep.livetech.test-stable.shopee.tw
https://local.www.shopee.tw
http://7652.i.uat.shopee.tw
http://www.gamers.shopee.tw
http://94.shopee.tw
http://sztz.shopee.tw
http://www.chatbot.shopee.tw
http://mysql09.suflidowo.shopee.tw
http://105.shopee.tw
http://autodiscover.blogs.shopee.tw
http://endpoint.mms.test.shopee.tw:3306
http://www.vilainpetitcanard.shopee.tw:3306
http://ruvzahnzusatz.verbundanwendung.banking.shopee.tw:9530
http://t2-814329.c.shopee.tw:9530
http://oe.shopee.tw:9527
http://autodiscover.dev2.shopee.tw:9527
http://giaitri.shopee.tw:9527
http://302.shopee.tw:9527
http://syracuse.test.shopee.tw:9527
https://0ffiliate.staging.shopee.tw
https://www.bu.shopee.tw
https://twtc-build.staging.shopee.tw
http://university.uat.shopee.tw
http://data.www.miami.shopee.tw
http://04-media.staging.shopee.tw
http://06-twtc.staging.shopee.tw
http://www.tamphuc.shopee.tw
http://www.mars.shopee.tw
https://www.completecars-pl.shopee.tw
https://21.shopee.tw
https://mail.belinkom.vh60.shopee.tw
http://idc.f.shopee.tw
http://acw.shopee.tw
http://065.shopee.tw
http://0ts.staging.shopee.tw
http://www.cseller.shopee.tw
http://www.doswaldo07.shopee.tw
http://www.connect.shopee.tw
http://autodiscover.union.shopee.tw
http://www.hlive.shopee.tw
http://adminab.foodalgo.live-test.shopee.tw
http://www.mkt.shopee.tw
http://aiesec.game.twtc.uat.shopee.tw
http://gameslocalteam.games.live-test.shopee.tw
http://aike.admin.mms.test-stable.shopee.tw
http://www.myonbelle1.shopee.tw
http://rw.shopee.tw
http://win1983.i.uat.shopee.tw
http://hao.360www.shopee.tw
http://pa.shopee.tw
http://www.pornolar.shopee.tw
http://www.conferenceb.shopee.tw
http://www.ab.foodalgo.test-stable.shopee.tw
https://cable-239-4.shopee.tw
https://tn.shopee.tw
https://tw.seller.shopee.tw
https://liversity.i.uat.shopee.tw
https://www.design.shopee.tw
https://299.shopee.tw
https://082302.staging.shopee.tw
https://www.sller.shopee.tw
http://01live-push.staging.shopee.tw
http://360.shopee.tw
http://www.eu.shopee.tw
https://fs.lab26063.shopee.tw
https://k4.shopee.tw
http://a52.shopee.tw
http://download.mu.shopee.tw
http://q3.shopee.tw
http://www.monitoring.jnb.shopee.tw
http://theshrimp.game.twtc.pro.shopee.tw
http://cliente131.rede67.shopee.tw
http://www.legacy.shopee.tw
http://01-signal.staging.shopee.tw
http://n8.shopee.tw
http://net-xa.ohx.shopee.tw
http://origin.fhg2.shopee.tw
http://monitor.rbg.informatik.shopee.tw
http://183.shopee.tw
http://vs.shopee.tw
http://ca.shopee.tw
http://119.127.227.shopee.tw
http://sv1.andrews.shopee.tw
http://548.shopee.tw
http://www.sale.shopee.tw
http://cd.shopee.tw
http://static.origin.shopee.tw
http://819.shopee.tw
http://021-030.staging.shopee.tw
http://a4.shopee.tw
http://ce.shopee.tw
http://m034173.ppp.shopee.tw
http://hp.shopee.tw
http://178-113-dsl.shopee.tw
http://ai2.shopee.tw
http://pc125.phys.shopee.tw
http://munin.tu.c.shopee.tw
http://pridcv-ex01.pharpoint.shopee.tw
http://ljx76q1yea.mall.uat.shopee.tw
http://666.shopee.tw
http://229.shopee.tw
http://sky.nullroute.shopee.tw
http://016-jq.staging.shopee.tw
http://mail.avcome.shopee.tw
http://mystock.staging.shopee.tw
http://buildsystem.shopee.tw
http://a.i.uat.shopee.tw
http://rtr-xa.ohx.shopee.tw
http://www.by.shopee.tw
http://306.shopee.tw
http://clearsports.shopee.tw
http://www.theme.shopee.tw
http://ai.games.shopee.tw
http://bbinpingtai.shopee.tw
http://www.team.shopee.tw
http://www.amazonka.shopee.tw
http://769.shopee.tw
http://landing-page.twtc.uat.shopee.tw
http://06-58794508.staging.shopee.tw
http://report.huatuo.qq.com.shopee.tw
http://api3-backup.voting-accounts.giaitri.uat.shopee.tw
http://m.st2.shopee.tw
http://q1w2e3sr4.share.staging.shopee.tw
http://webdisk.loja.shopee.tw
http://r2.shopee.tw
http://www.phys.shopee.tw
http://178.239.121.shopee.tw
http://02tickets.staging.shopee.tw
http://test-qintiz.giaitri.intat.shopee.tw
http://www.carecube-p.bfs.shopee.tw
http://00-platform.staging.shopee.tw
http://admin.university.shopee.tw
http://www.iquote.shopee.tw
http://p7.shopee.tw
http://www.christian.shopee.tw
http://www.ns1.shopee.tw
http://753.shopee.tw
http://0og-tickets.staging.shopee.tw
http://alpha.engr.shopee.tw
http://www.boutique-metal-prod.endymis.shopee.tw
http://www.mxham2.shopee.tw
http://indequewedding-com.s2051d48.shopee.tw
http://www.audio.shopee.tw
http://05-walloflight.staging.shopee.tw
http://spm.sdomainsaging.i.shopee.tw
http://www.iccs2001.norisav.shopee.tw
http://builder.admin.shopee.tw
http://f4.shopee.tw
http://guatemala.test.shopee.tw
http://mail212.pae1.shopee.tw
http://01-install.staging.shopee.tw
http://www.wwww.mall.shopee.tw
http://il.staging.shopee.tw
http://ss.shopee.tw
http://aranjamente.shopee.tw
http://ahv.shopee.tw
http://www.hobby.shopee.tw
http://0um.staging.shopee.tw
http://www.ro.shopee.tw
http://www.cerpenpersahabatan.shopee.tw
http://www.sites.shopee.tw
http://www.bean-print.shopee.tw
http://seller-push-ws.test-stable.shopee.tw
http://www.llserv2.shopee.tw
http://www.amp-http.shopee.tw
http://sz12.shopee.tw
http://university.shopee.tw
http://n3.shopee.tw
http://ftp.strozykbdg.shopee.tw
http://hao.360.comwww.shopee.tw
http://aws.api.shopee.tw
http://aaj.shopee.tw
http://www.efun5.shopee.tw
http://webdisk.search.shopee.tw
http://rpsdek.analysis.shopee.tw
http://smtp.comune.shopee.tw
http://242-58.dial.shopee.tw
http://03-dsrlanguage.staging.shopee.tw
http://lpta001.itd.shopee.tw
http://www.angesmusiciens.shopee.tw
http://www.california.shopee.tw
http://serviceapi.shipping-insurance.twtc.uat.shopee.tw
http://www.lxfr2.shopee.tw
http://www.ns.shopee.tw
http://psql03.mega-system.shopee.tw
http://17.shopee.tw
http://www.jornadaseconomia.shopee.tw
http://www.projects.img.shopee.tw
http://www.qa.shopee.tw
http://aka.mms.shopee.tw
http://play.devops.shopee.tw
http://q1w2e3sr4.special.shopee.tw
http://prelman.demo.shopee.tw
http://www.gg.shopee.tw
http://www.xternal2.shopee.tw
http://07-08-rs2al.staging.shopee.tw
http://mia4.shopee.tw
http://y093040.ppp.shopee.tw
http://starship-yasim.shopee.tw
http://www.frd.shopee.tw
http://10.uat.shopee.tw
http://04-imprimer.staging.shopee.tw
http://boxcartests.shopee.tw
http://cdap-client.shopee.tw
http://be7a8e.le-test.shopee.tw
http://j3.x.shopee.tw
http://www.us.api.shopee.tw
http://www.zuhairibnanver.shopee.tw
http://78.38.227.shopee.tw
http://494.shopee.tw
http://www.classifieds.shopee.tw
http://111house.i.uat.shopee.tw
http://authqa.fssa.shopee.tw
http://u3mx02i.opu.cns.shopee.tw
http://taxisbleus-misterfox.sodev2.shopee.tw
http://to.shopee.tw
http://email.shopee.tw
http://webdisk.beta.shopee.tw
http://vb.shopee.tw
http://jeltz.via.shopee.tw
http://mail.lab26404.shopee.tw
http://096.shopee.tw
http://sdenrkccht02.rkmicorp.shopee.tw
http://rtr-oa.ohx.shopee.tw
http://upgrade.24h.twtc.uat.shopee.tw
http://www.konferenzen.shopee.tw
http://orchidas.lsce.shopee.tw
http://523.shopee.tw
http://www.core.shopee.tw
http://715.shopee.tw
http://aplicativos.shopee.tw
http://656.shopee.tw
http://www.kwasinc.shopee.tw
http://mail.34064.shopee.tw
http://www.p62b.shopee.tw
http://www.introibo.shopee.tw
http://99milestone.shopee.tw
http://www.cloudcomputingservernew2.shopee.tw
http://www.dev1-live.shopee.tw
http://www.chat-ws.shopee.tw
http://tefcom.crm.shopee.tw
http://auth-dod-emall-coop.csd.shopee.tw
http://psql03.fibarosystem-pl.shopee.tw
http://515.shopee.tw
http://cloudv3beta.shopee.tw
http://horizonblueomnia.dev.shopee.tw
http://www.physics.shopee.tw
http://www.trade.shopee.tw
http://www.img1.shopee.tw
http://rating.link.shopee.tw
http://adsl-105-22.shopee.tw:3306
http://92.shopee.tw
http://mail.sogox.shopee.tw
http://i1.shopee.tw
http://www.mirror.shopee.tw
http://mall.shopee.tw.bms.cc
https://mall.shopee.tw.bms.cc
http://host5.net128.shopee.tw:22
http://www.ab.foodalgo.staging.shopee.tw:22
http://my.dolphin.shopee.tw:22
http://02-containers.staging.shopee.tw:22
http://www.notariadecimatercera.shopee.tw:8080
http://www.preview.shopee.tw:8080
http://www.xiapi.xiapibu.shopee.tw:8080
http://scheduler.foodalgo.shopee.tw:8080
https://bunting.cs.shopee.tw
https://ajf.shopee.tw
https://ip.shopee.tw
http://mail.34092.shopee.tw
http://d212.dev.i.uat.shopee.tw:22
http://01-scopes.staging.shopee.tw
http://www.cyberplast-new.shopee.tw
http://ua.aitapps.shopee.tw
https://499.shopee.tw
https://www.china.shopee.tw
https://ws.inforummingle.shopee.tw
http://spiri1213.fmf.shopee.tw:443
http://autodiscover.live.shopee.tw:443
http://d.i70.shopee.tw:443
http://20.240.223.shopee.tw:443
http://vcamexhy002.europe.ppdi.shopee.tw:443
http://www.docunhatminh.shopee.tw:22
http://ahc.shopee.tw:22
http://310.shopee.tw:22
http://www.banners.shopee.tw:443
http://admin.seattle-ci.shopee.tw:443
http://img.ws.mms.shopee.tw.cdn20.com:4430
http://a.ss31.shopee.tw:22
http://md2remark.admin.frd.uat.shopee.tw:22
http://www.shopee.tw:22
http://autodiscover.crm.shopee.tw:22
http://002-pyopengl.staging.shopee.tw:443
http://aez.shopee.tw:443
http://w222159.ppp.shopee.tw:443
http://admin.wallet.seller.lax.test.shopee.tw:443
http://650.shopee.tw:443
http://idc.external4.shopee.tw:443
http://cmts1-all.gw.shopee.tw:443
http://wd.shopee.tw:443
http://amo.foodalgo.shopee.tw:443
http://016regexproject.staging.shopee.tw:443
http://uat04.comcast.shopee.tw:443
http://sp.sp.shopee.tw:443
http://o3.mailer.shopify.com.i.uat.shopee.tw:443
http://kms.bracpmo.shopee.tw:443
http://yj.shopee.tw:443
http://000-541.staging.shopee.tw:443
http://cherepovets.shopee.tw:443
https://594.shopee.tw
https://doh.admin.elhub.twtc.uat.shopee.tw
https://zx.shopee.tw
https://aht.shopee.tw
https://user-87.32.shopee.tw
http://scm-docker.internal.uat.shopee.tw:443
http://portal.dmac.shopee.tw:443
http://merchant.yum.twtc.shopee.tw:443
http://167.shopee.tw:443
http://www.mhssl1.shopee.tw:443
http://www.parttimejobsblog.shopee.tw:443
http://admin.dev.shopee.tw:443
http://www.aquamarineaquarismo.shopee.tw:443
http://prod-stg.enterprisesuite.shopee.tw:443
http://212.41.229.shopee.tw:443
http://play-hw-las.livetech.shopee.tw.c.cdnhwc7.com
https://www.webssl.shopee.tw
https://lw.shopee.tw
http://slice-ws.livestream.shopee.tw.cdn20.com:8008
https://www.mobile.shopee.tw
https://219.shopee.tw
https://04-bandits.staging.shopee.tw
https://mall.shopee.tw.net
https://livetech.shopee.tw.net
http://livetech.shopee.tw.net
http://log-collector.shopee.tw.net
https://705.shopee.tw
https://331.shopee.tw
https://mysql01.parowka01.shopee.tw
https://02-lcs-api.staging.shopee.tw
https://open-api.affiliate.shopee.tw:8443
https://autodiscover.soporte.shopee.tw
https://livestreamfiold.videocdn.shopee.tw
https://86.14.229.shopee.tw
https://aj.shopee.tw
https://psql05.griszapl.shopee.tw
https://729.shopee.tw
http://www.america.shopee.tw
http://aa-int-dr-wus-solrazure-b.shopee.tw
http://11809170-73da-49ea-9216-55026cbb46d6.shopee.tw
http://243.124.227.shopee.tw:80
http://908767545678998876882083-135381219683106125769709287026.shopee.tw
http://132.202.227.shopee.tw
http://d.shopee.tw
http://kn.shopee.tw
http://0admin.staging.shopee.tw
http://242.50.229.shopee.tw
http://info-hub.twtc.shopee.tw:9527
http://api.info-hub.twtc.shopee.tw:9527
http://appeal.twtc.shopee.tw:9530
http://ww1.live.shopee.tw.tianxian2.com:8080
http://nbpush-ws.lvb.shopee.tw.cdn20.com:8443
http://live.shopee.tw.tianxian2.com:8080
http://ip117.124.shopee.tw:443
http://464.shopee.tw:443
http://0zyxwvutsrqpo.staging.shopee.tw:443
http://push-sp.livestream.shopee.tw.cdn20.com:8083
http://nbpush-ws.lvb.shopee.tw.cdn20.com:8083
http://dhcp-215-107.resnet.shopee.tw:443
http://server1.qa1.kccasignacioncitas.com.co.shopee.tw:443
http://webdisk.it.shopee.tw:443
http://www.slice-spe.livestream.shopee.tw:443
http://f6.shopee.tw:443
http://08-conservation.staging.shopee.tw:443
http://abigail.staging.shopee.tw:443
http://m.demo.uat.shopee.tw:443
http://api.live-test.shopee.tw:443
http://3cp9lcoq32dpn.staging.shopee.tw:443
http://b.i7.shopee.tw:443
http://hao.36www.shopee.tw:443
http://203.shopee.tw:443
http://cf.shopee.tw.whecloud.com:18084
http://play-ws-las.livetech.shopee.tw.cdn20.com:8888
http://nbpush-ws.lvb.shopee.tw.cdn20.com
http://push-sp.livestream.test.shopee.tw.cdn20.com:85
http://push-ws.lvb.shopee.tw.cdn20.com:85
http://push-ws.lvb.uat.shopee.tw.cdn20.com:85
http://push-ws.lvb.test.shopee.tw.cdn20.com:85
http://push-sp.livestream.shopee.tw.cdn20.com:7005
http://push-sp.livestream.test.shopee.tw.cdn20.com:7005
http://push-ws.lvb.test.shopee.tw.cdn20.com:8000
http://push-ws.lvb.test.shopee.tw.cdn20.com:9100
http://push-ws.lvb.test.shopee.tw.cdn20.com:3000
https://cf.shopee.tw.src.cdn.dnsv1.com
http://img.ws.mms.shopee.tw.cdn20.com:4443
http://img.ws.mms.shopee.tw.cdn20.com:7000
http://img.ws.mms.shopee.tw.cdn20.com:8006
http://slice-ws.livestream.shopee.tw.cdn20.com:9100
http://slice-ws.livestream.shopee.tw.cdn20.com:8000
http://slice-ws.livestream.shopee.tw.cdn20.com:8001
http://push-ws.lvb.uat.shopee.tw.cdn20.com:3000
http://push-ws.lvb.uat.shopee.tw.cdn20.com:8000
http://push-ws.lvb.uat.shopee.tw.cdn20.com:9100
http://www.123.shopee.tw
http://push-ws.lvb.shopee.tw.cdn20.com:8000
http://push-ws.lvb.shopee.tw.cdn20.com:3000
http://push-ws.lvb.shopee.tw.cdn20.com:9100
http://play-ws-las.livetech.shopee.tw.cdn20.com:8001
http://www.adventuregarments.shopee.tw
http://cf.shopee.tw.src.cdn.dnsv1.com
http://push-sp.livestream.shopee.tw.cdn20.com:8004
http://nbpush-ws.lvb.shopee.tw.cdn20.com:8001
http://nbpush-ws.lvb.shopee.tw.cdn20.com:8080
http://push-sp.livestream.shopee.tw.cdn20.com:8085
http://nbpush-ws.lvb.shopee.tw.cdn20.com:443
https://play-tx-src.livestream.shopee.tw.hw.tlivecdn.com
http://www.livestream.shopee.tw.tlivecdn.com
https://www.livestream.shopee.tw.tlivecdn.com
http://cvf.shopee.tw.akamaized.net
https://slice-tx.livestream.shopee.tw.hw.tlivecdn.com
https://feed.cf.shopee.tw.cdn.dnsv1.com
http://nbpush-ws.lvb.shopee.tw.cdn20.com:8085
http://push-ws.lvb.test.shopee.tw.cdn20.com:7005
http://cf.shopee.tw.dispatch.garena.sched.ovscdns.com
http://www.irkutsk.shopee.tw
https://130.1.236.shopee.tw:2083
http://slice-tx.livestream.shopee.tw.hw.tlivecdn.com
http://play-tx-src.livestream.shopee.tw.hw.tlivecdn.com
http://o69iay0p.shopee.tw.w1lego.sched.ovscdns.com
https://cf.shopee.tw.w1lego.sched.ovscdns.com
http://ww1.mall.shopee.tw.tianxian2.com
http://email.mg.shopee.tw.winnermedical.com
https://feed.cf.shopee.tw.akamaized.net
https://cf.shopee.tw.dispatch.garena.sched.ovscdns.com
https://email.mg.shopee.tw.winnermedical.com
http://feed.cf.shopee.tw.akamaized.net
https://cv.shopee.tw.akamaized.net
https://cvf.shopee.tw.akamaized.net
http://192.126.18.shopee.tw
http://www.cf.shopee.tw.cdn.dnsv1.com
https://www.cf.shopee.tw.cdn.dnsv1.com
http://feed.cf.shopee.tw.cdn.dnsv1.com
http://11290521402560.shopee.tw
http://cv.shopee.tw.akamaized.net
http://cf.shopee.tw.w1lego.sched.ovscdns.com
https://o69iay0p.shopee.tw.w1lego.sched.ovscdns.com
http://ip181.123.shopee.tw
http://104.146.235.shopee.tw
http://f.shopee.tw:47001
http://data-rep.livetech.shopee.tw.tayagroups.com
http://cf.shopee.tw.src.cdn.dnsv1.com:8080
http://acceptance2.shopee.tw:8080
https://rev85.98.shopee.tw
https://play-bs-las.livetech.test.shopee.tw.trpcdn.net
https://play-bs-las.livetech.uat.shopee.tw.trpcdn.net
http://play-bs-las.livetech.uat.shopee.tw.trpcdn.net
http://play-bs-las.livetech.test.shopee.tw.trpcdn.net
https://1427366974487any.shopee.tw
http://cf.shopee.tw.whecloud.com
https://88.208.222.shopee.tw
https://www.11.shopee.tw
https://cf.shopee.tw.download.ks-cdn.com
http://cf.shopee.tw.download.ks-cdn.com
http://push-ws.lvb.shopee.tw.cdn20.com:7005
http://push-sp.livestream.test.shopee.tw.cdn20.com:8085
http://push-sp.livestream.test.shopee.tw.cdn20.com:8004
https://2ff0b05b-3cce-45bf-89d1-29ca12a94b14.shopee.tw
https://214-239-static.shopee.tw
https://server2.dev3.dr.admintool.shopee.tw
https://games.shopee.tw.net
https://exchange.91.shopee.tw
http://endpoint.mms.shopee.tw.net
http://118ab567-9c53-448e-9f7c-034a504065c2.shopee.tw:443
https://86.106.shopee.tw
http://www.hao.36www.shopee.tw
http://134.117.shopee.tw
http://adsl109.adsl.shopee.tw:80
http://7ef1b358-9b34-4cd4-a0c6-54e9ee9ab9bd.shopee.tw
http://www.az.shopee.tw
https://acorn-fs.acorn.shopee.tw
https://20160622qlctest.shopee.tw
http://135.105.shopee.tw:47001
http://0030040bfb6d201403271401269710548973796.shopee.tw
http://accommodation.shopee.tw
http://www.acc.shopee.tw
http://24.166.227.shopee.tw
http://usdatlpc64msig5.code1.emi.shopee.tw
http://www.f.shopee.tw
http://www.cultura.shopee.tw
http://api.people.twtc.shopee.tw:49664
http://api.people.twtc.shopee.tw:7777
http://shopee.tw.jqditan.com:9009
https://www.eisas.shopee.tw
https://www.jjhm01.shopee.tw
https://b.i43.shopee.tw
https://www.gestionsobanet.shopee.tw
https://www.style.shopee.tw
https://www.social.shopee.tw
https://adsl-217-136.shopee.tw
http://151.9.200.shopee.tw:443
http://shopee.tw.3-88.com
https://shopee.tw.3-88.com
https://mall.shopee.tw.testdomain.com
http://cf.shopee.tw.net
http://www.shopee.tw.net
http://df.infra.shopee.tw.net
https://www.shopee.tw.net
https://df.infra.shopee.tw.net
http://shopee.tw.bbs0556.com:8181
https://play-hw-src.livestream.shopee.tw.c.cdnhwc7.com
https://play-hw-las.livetech.shopee.tw.c.cdnhwc7.com
http://play-hw-src.livestream.shopee.tw.c.cdnhwc7.com
http://play-bs-las.livetech.shopee.tw.trpcdn.net
https://play-bs-las.livetech.shopee.tw.trpcdn.net
http://mall.shopee.tw.tianxian2.com:1022
http://ww16.mall.shopee.tw.tianxian2.com
https://live.shopee.tw.tianxian2.com
https://mall.shopee.tw.tianxian2.com
https://ww1.mall.shopee.tw.tianxian2.com
https://ww1.live.shopee.tw.tianxian2.com
https://ww16.mall.shopee.tw.tianxian2.com
http://cf.shopee.tw.akamaized.net
https://scitc.uat.shopee.tw.storage.s3.amazonaws.com
https://cf.shopee.tw.akamaized.net
http://thesis.msi.shopee.tw
http://services.fleettc.staging.shopee.tw.s3.amazonaws.com
https://services.fleettc.staging.shopee.tw.s3.amazonaws.com
http://scitc.uat.shopee.tw.storage.s3.amazonaws.com
http://mattermost.marttc.shopee.tw.s3.amazonaws.com
https://mattermost.marttc.shopee.tw.s3.amazonaws.com
http://shopee.tw.dispatch.garena.sched.ovscdns.com
http://slice-tx.livestream.shopee.tw.tlivecdn.com
http://www.acs.shopee.tw:49666
http://www.acs.shopee.tw:7777
http://oteteu.shopee.tw:7777
http://oteteu.shopee.tw:49666
http://srv-tse.apoge.shopee.tw:22
http://uat.shopee.tw:22
http://accessories.shopee.tw:22
http://cf.shopee.tw.09785a86.c.cdnhwc1.com:8088
http://cf.shopee.tw.09785a86.c.cdnhwc1.com:8080
http://cf.shopee.tw.09785a86.c.cdnhwc1.com
http://hilfe.shopee.tw:49666
http://billing.scitc.uat.shopee.tw.s3.amazonaws.com
https://billing.scitc.uat.shopee.tw.s3.amazonaws.com
http://secret.spm.i.uat.shopee.tw:10000
http://secret.spm.i.uat.shopee.tw:10001
http://v28.shopee.tw:49666
http://v28.shopee.tw:7777
http://web4593.shopee.tw:49666
http://web4593.shopee.tw:7777
http://hilfe.shopee.tw:7777
http://xsp2.shopee.tw:7777
http://xsp2.shopee.tw:49666
https://api.info-hubtc.shopee.tw.upload.s3.amazonaws.com
http://portico.shopee.tw:49666
http://portico.shopee.tw:7777
http://web17035.shopee.tw:7777
http://web17035.shopee.tw:49666
http://api.info-hubtc.shopee.tw.upload.s3.amazonaws.com
http://jhurst.shopee.tw:49666
http://jhurst.shopee.tw:7777
http://mh7.shopee.tw:49666
http://mh7.shopee.tw:7777
https://shopee.tw.jqditan.com
http://admin.mart.twtc.uat.shopee.tw:7777
http://admin.mart.twtc.uat.shopee.tw:49666
http://dwm.shopee.tw:49666
http://dwm.shopee.tw:7777
https://cf.shopee.tw.09785a86.c.cdnhwc1.com
http://www.dev3.shopee.tw
http://web6346.shopee.tw
http://27-203.shopee.tw
http://musiclord.shopee.tw
https://45.10.221.shopee.tw
https://autodiscover.api.shopee.tw
https://www.cart.shopee.tw
http://www.7.shopee.tw
http://thomson.acs.shopee.tw
http://codec1.shopee.tw
http://frlkrise.shopee.tw
http://ec6.shopee.tw
http://livestream.shopee.tw.tlivecdn.com
http://shopee.tw.tlivecdn.com
https://shopee.tw.tlivecdn.com
https://livestream.shopee.tw.tlivecdn.com
http://play-tx-src.livestream.shopee.tw.tlivecdn.com
https://play-tx-src.livestream.shopee.tw.tlivecdn.com
http://play-hw-las.livetech.shopee.tw.o.hwcloudlive.com
http://ws4.54h.shopee.tw
